#
# A fatal error has been detected by the Java Runtime Environment:
#
#  EXCEPTION_ACCESS_VIOLATION (0xc0000005) at pc=0x00000000531df11f, pid=5964, tid=0x0000000000001768
#
# JRE version: Java(TM) SE Runtime Environment (8.0_131-b11) (build 1.8.0_131-b11)
# Java VM: Java HotSpot(TM) 64-Bit Server VM (25.131-b11 mixed mode windows-amd64 compressed oops)
# Problematic frame:
# V  [jvm.dll+0x3ff11f]
#
# Failed to write core dump. Minidumps are not enabled by default on client versions of Windows
#
# If you would like to submit a bug report, please visit:
#   http://bugreport.java.com/bugreport/crash.jsp
#

---------------  T H R E A D  ---------------

Current thread (0x00000000024ac000):  GCTaskThread [stack: 0x0000000012220000,0x0000000012320000] [id=5992]

siginfo: ExceptionCode=0xc0000005, reading address 0x000000013ebdadf8

Registers:
RAX=0x00000000f0360188, RBX=0x000000001231f688, RCX=0x0000000000000003, RDX=0x0000000000000050
RSP=0x000000001231f5e0, RBP=0x000000000a070000, RSI=0x000000000a06c042, RDI=0x0000000000000008
R8 =0x00000000f0360188, R9 =0x000000013ebdadf0, R10=0x00000000f03603d8, R11=0x00000000f0360188
R12=0x00000000535fc720, R13=0x0000000000000a07, R14=0x00000000f0380000, R15=0x000000001231f688
RIP=0x00000000531df11f, EFLAGS=0x0000000000010206

Top of Stack: (sp=0x000000001231f5e0)
0x000000001231f5e0:   000000001231f688 000000000a070000
0x000000001231f5f0:   000000000a06c03a 00000000531dd835
0x000000001231f600:   000000000a070000 00000000531d49dd
0x000000001231f610:   000000000a06c03b 00000000531df049
0x000000001231f620:   0000000000000001 00000000531def6f
0x000000001231f630:   00000000f0700000 00000000f0380000
0x000000001231f640:   0000000000000a07 0000000000000001
0x000000001231f650:   0000000000170000 00000000531e0434
0x000000001231f660:   00000000f0300000 000000001231f6c8
0x000000001231f670:   00000000f0300000 000000001231f6c8
0x000000001231f680:   0000000000170000 0000000053434788
0x000000001231f690:   00000000535fc720 0000000016366e80
0x000000001231f6a0:   0000000000003fcf 00000000f03601d8
0x000000001231f6b0:   0000000000000000 00000000f0360188
0x000000001231f6c0:   00000000024ac000 00000000024ac8c0
0x000000001231f6d0:   00000000024ac8b0 0000000000000000 

Instructions: (pc=0x00000000531df11f)
0x00000000531df0ff:   4c 8b 43 30 74 16 45 8b 48 08 8b 0d 99 16 3a 00
0x00000000531df10f:   49 d3 e1 4c 03 0d 87 16 3a 00 eb 04 4d 8b 48 08
0x00000000531df11f:   41 81 79 08 00 00 00 c0 73 10 49 8b 01 48 8b 53
0x00000000531df12f:   10 49 8b c9 ff 90 28 01 00 00 48 29 7b 18 48 8d 


Register to memory mapping:

RAX=0x00000000f0360188 is an oop

[error occurred during error reporting (printing register info), id 0xc0000005]

Stack: [0x0000000012220000,0x0000000012320000],  sp=0x000000001231f5e0,  free space=1021k
Native frames: (J=compiled Java code, j=interpreted, Vv=VM code, C=native code)
V  [jvm.dll+0x3ff11f]
V  [jvm.dll+0x3f49dd]
V  [jvm.dll+0x400434]
V  [jvm.dll+0x3f7f3a]
V  [jvm.dll+0x3f59a6]
V  [jvm.dll+0x3f302e]
V  [jvm.dll+0x29cc1a]
C  [msvcr100.dll+0x21d9f]
C  [msvcr100.dll+0x21e3b]
C  [kernel32.dll+0x159cd]
C  [ntdll.dll+0x5385d]


---------------  P R O C E S S  ---------------

Java Threads: ( => current thread )
  0x000000002338e000 JavaThread "Cache worker for Java compile cache (F:\myGithubApps\Travel\.gradle\4.6\javaCompile)" [_thread_blocked, id=17096, stack(0x000000002d360000,0x000000002d460000)]
  0x0000000023390000 JavaThread "Task worker for ':' Thread 3" [_thread_blocked, id=17052, stack(0x0000000029c60000,0x0000000029d60000)]
  0x0000000023146000 JavaThread "Task worker for ':' Thread 2" [_thread_blocked, id=17048, stack(0x0000000027f80000,0x0000000028080000)]
  0x0000000023144800 JavaThread "Task worker for ':'" [_thread_blocked, id=17044, stack(0x0000000022560000,0x0000000022660000)]
  0x0000000023142800 JavaThread "Cache worker for Build Output Cleanup Cache (F:\myGithubApps\Travel\.gradle\buildOutputCleanup)" [_thread_blocked, id=17040, stack(0x0000000027e60000,0x0000000027f60000)]
  0x0000000023144000 JavaThread "Cache worker for task history cache (F:\myGithubApps\Travel\.gradle\4.6\taskHistory)" [_thread_blocked, id=17036, stack(0x0000000025fe0000,0x00000000260e0000)]
  0x0000000023145800 JavaThread "Cache worker for file content cache (F:\myGithubApps\Travel\.gradle\4.6\fileContent)" [_thread_blocked, id=17032, stack(0x0000000026630000,0x0000000026730000)]
  0x0000000019c7e000 JavaThread "Build operations Thread 4" [_thread_blocked, id=17008, stack(0x0000000023f10000,0x0000000024010000)]
  0x0000000019c83800 JavaThread "Build operations Thread 3" [_thread_blocked, id=17004, stack(0x0000000025560000,0x0000000025660000)]
  0x0000000019c85000 JavaThread "Build operations Thread 2" [_thread_blocked, id=17000, stack(0x00000000258b0000,0x00000000259b0000)]
  0x0000000019c86800 JavaThread "Build operations" [_thread_blocked, id=16996, stack(0x000000001ee00000,0x000000001ef00000)]
  0x0000000019c87000 JavaThread "Cache worker for Artifact transforms cache (C:\Users\Administrator\.gradle\caches\transforms-1)" [_thread_blocked, id=16992, stack(0x0000000024220000,0x0000000024320000)]
  0x0000000019c7f000 JavaThread "Cache worker for file hash cache (F:\myGithubApps\Travel\.gradle\4.6\fileHashes)" [_thread_blocked, id=16988, stack(0x000000001ef10000,0x000000001f010000)]
  0x0000000019c7d800 JavaThread "Asynchronous log dispatcher for DefaultDaemonConnection: socket connection from /127.0.0.1:50150 to /127.0.0.1:52625" [_thread_blocked, id=16972, stack(0x000000001a850000,0x000000001a950000)]
  0x0000000019c85800 JavaThread "Daemon worker Thread 29" [_thread_blocked, id=16968, stack(0x000000001ed00000,0x000000001ee00000)]
  0x0000000019c82000 JavaThread "Cancel handler" [_thread_blocked, id=16964, stack(0x0000000018240000,0x0000000018340000)]
  0x0000000019c84000 JavaThread "Handler for socket connection from /127.0.0.1:50150 to /127.0.0.1:52625" [_thread_in_native, id=16960, stack(0x000000001d5b0000,0x000000001d6b0000)]
  0x0000000019c7c000 JavaThread "Daemon Thread 29" [_thread_blocked, id=16956, stack(0x000000001aea0000,0x000000001afa0000)]
  0x000000001d121800 JavaThread "pool-21-thread-1" [_thread_blocked, id=8856, stack(0x0000000020ef0000,0x0000000020ff0000)]
  0x000000001d15a000 JavaThread "Java2D Disposer" daemon [_thread_blocked, id=4776, stack(0x0000000028090000,0x0000000028190000)]
  0x0000000019c82800 JavaThread "pool-1-thread-1" [_thread_blocked, id=2664, stack(0x000000001ab70000,0x000000001ac70000)]
  0x0000000019c81000 JavaThread "Memory manager" [_thread_blocked, id=3656, stack(0x0000000021250000,0x0000000021350000)]
  0x0000000019c7b000 JavaThread "File lock request listener" [_thread_in_native, id=5576, stack(0x000000001aff0000,0x000000001b0f0000)]
  0x0000000019c7a800 JavaThread "Cache worker for file hash cache (C:\Users\Administrator\.gradle\caches\4.6\fileHashes)" [_thread_blocked, id=5044, stack(0x000000001c4c0000,0x000000001c5c0000)]
  0x0000000019b00000 JavaThread "Daemon periodic checks" [_thread_blocked, id=6056, stack(0x000000001a580000,0x000000001a680000)]
  0x0000000019ae5800 JavaThread "Incoming local TCP Connector on port 50150" [_thread_in_native, id=6052, stack(0x000000001a680000,0x000000001a780000)]
  0x00000000199e5800 JavaThread "Daemon health stats" [_thread_blocked, id=5364, stack(0x000000001a260000,0x000000001a360000)]
  0x000000001799e800 JavaThread "Service Thread" daemon [_thread_blocked, id=6040, stack(0x0000000018700000,0x0000000018800000)]
  0x0000000017942800 JavaThread "C1 CompilerThread2" daemon [_thread_blocked, id=6036, stack(0x0000000018550000,0x0000000018650000)]
  0x000000001793e000 JavaThread "C2 CompilerThread1" daemon [_thread_blocked, id=6032, stack(0x00000000183e0000,0x00000000184e0000)]
  0x000000001647d800 JavaThread "C2 CompilerThread0" daemon [_thread_blocked, id=6028, stack(0x0000000018140000,0x0000000018240000)]
  0x000000001792b800 JavaThread "Attach Listener" daemon [_thread_blocked, id=6024, stack(0x0000000017f90000,0x0000000018090000)]
  0x000000001792a800 JavaThread "Signal Dispatcher" daemon [_thread_blocked, id=6020, stack(0x0000000017de0000,0x0000000017ee0000)]
  0x0000000016459000 JavaThread "Finalizer" daemon [_thread_blocked, id=6016, stack(0x0000000017820000,0x0000000017920000)]
  0x0000000016412000 JavaThread "Reference Handler" daemon [_thread_blocked, id=6012, stack(0x00000000176e0000,0x00000000177e0000)]
  0x00000000001af000 JavaThread "main" [_thread_blocked, id=5988, stack(0x0000000002770000,0x0000000002870000)]

Other Threads:
  0x000000001640a800 VMThread [stack: 0x00000000174e0000,0x00000000175e0000] [id=6008]
  0x00000000179d9000 WatcherThread [stack: 0x0000000018920000,0x0000000018a20000] [id=6044]

=>0x00000000024ac000 (exited) GCTaskThread [stack: 0x0000000012220000,0x0000000012320000] [id=5992]

VM state:at safepoint (normal execution)

VM Mutex/Monitor currently owned by a thread:  ([mutex/lock_event])
[0x00000000001ac170] Threads_lock - owner thread: 0x000000001640a800
[0x00000000001ac670] Heap_lock - owner thread: 0x00000000199e5800

Heap:
 PSYoungGen      total 390144K, used 269312K [0x00000000e0000000, 0x0000000100000000, 0x0000000100000000)
  eden space 269312K, 100% used [0x00000000e0000000,0x00000000f0700000,0x00000000f0700000)
  from space 120832K, 0% used [0x00000000f8a00000,0x00000000f8a00000,0x0000000100000000)
  to   space 127488K, 0% used [0x00000000f0700000,0x00000000f0700000,0x00000000f8380000)
 ParOldGen       total 1048576K, used 1048535K [0x00000000a0000000, 0x00000000e0000000, 0x00000000e0000000)
  object space 1048576K, 99% used [0x00000000a0000000,0x00000000dfff5e80,0x00000000e0000000)
 Metaspace       used 133253K, capacity 140956K, committed 144768K, reserved 1175552K
  class space    used 16470K, capacity 17808K, committed 18816K, reserved 1048576K

Card table byte_map: [0x0000000011c30000,0x0000000011f40000] byte_map_base: 0x0000000011730000

Marking Bits: (ParMarkBitMap*) 0x00000000535fc720
 Begin Bits: [0x0000000012780000, 0x0000000013f80000)
 End Bits:   [0x0000000013f80000, 0x0000000015780000)

Polling page: 0x0000000000140000

CodeCache: size=245760Kb used=122058Kb max_used=122074Kb free=123701Kb
 bounds [0x0000000002870000, 0x000000000a070000, 0x0000000011870000]
 total_blobs=33514 nmethods=32531 adapters=891
 compilation: enabled

Compilation events (10 events):
Event: 10764.436 Thread 0x0000000017942800 nmethod 47287 0x00000000077fc910 code [0x00000000077fcbe0, 0x00000000077fdf88]
Event: 10764.436 Thread 0x0000000017942800 47290       3       com.squareup.javapoet.ClassName::emit (10 bytes)
Event: 10764.436 Thread 0x0000000017942800 nmethod 47290 0x00000000048c0790 code [0x00000000048c0900, 0x00000000048c0bd8]
Event: 10764.436 Thread 0x0000000017942800 47288       3       com.squareup.javapoet.JavaFile$1::append (2 bytes)
Event: 10764.436 Thread 0x0000000017942800 nmethod 47288 0x0000000003706050 code [0x00000000037061a0, 0x00000000037062f0]
Event: 10764.436 Thread 0x0000000017942800 47291       3       com.squareup.javapoet.ClassName::enclosingClassName (44 bytes)
Event: 10764.437 Thread 0x0000000017942800 nmethod 47291 0x000000000a042c10 code [0x000000000a042de0, 0x000000000a0434f8]
Event: 10764.437 Thread 0x0000000017942800 47292   !   3       com.squareup.javapoet.TypeName::toString (62 bytes)
Event: 10764.437 Thread 0x0000000017942800 nmethod 47292 0x00000000092b0e50 code [0x00000000092b1060, 0x00000000092b1a88]
Event: 10764.440 Thread 0x000000001793e000 nmethod 47293 0x000000000540c390 code [0x000000000540c540, 0x000000000540cbc0]

GC Heap History (10 events):
Event: 11166.408 GC heap after
Heap after GC invocations=510 (full 382):
 PSYoungGen      total 390144K, used 269311K [0x00000000e0000000, 0x0000000100000000, 0x0000000100000000)
  eden space 269312K, 99% used [0x00000000e0000000,0x00000000f06fff08,0x00000000f0700000)
  from space 120832K, 0% used [0x00000000f8a00000,0x00000000f8a00000,0x0000000100000000)
  to   space 127488K, 0% used [0x00000000f0700000,0x00000000f0700000,0x00000000f8380000)
 ParOldGen       total 1048576K, used 1048532K [0x00000000a0000000, 0x00000000e0000000, 0x00000000e0000000)
  object space 1048576K, 99% used [0x00000000a0000000,0x00000000dfff5238,0x00000000e0000000)
 Metaspace       used 133253K, capacity 140956K, committed 144768K, reserved 1175552K
  class space    used 16470K, capacity 17808K, committed 18816K, reserved 1048576K
}
Event: 11166.408 GC heap before
{Heap before GC invocations=511 (full 383):
 PSYoungGen      total 390144K, used 269312K [0x00000000e0000000, 0x0000000100000000, 0x0000000100000000)
  eden space 269312K, 100% used [0x00000000e0000000,0x00000000f0700000,0x00000000f0700000)
  from space 120832K, 0% used [0x00000000f8a00000,0x00000000f8a00000,0x0000000100000000)
  to   space 127488K, 0% used [0x00000000f0700000,0x00000000f0700000,0x00000000f8380000)
 ParOldGen       total 1048576K, used 1048532K [0x00000000a0000000, 0x00000000e0000000, 0x00000000e0000000)
  object space 1048576K, 99% used [0x00000000a0000000,0x00000000dfff5238,0x00000000e0000000)
 Metaspace       used 133253K, capacity 140956K, committed 144768K, reserved 1175552K
  class space    used 16470K, capacity 17808K, committed 18816K, reserved 1048576K
Event: 11167.890 GC heap after
Heap after GC invocations=511 (full 383):
 PSYoungGen      total 390144K, used 269311K [0x00000000e0000000, 0x0000000100000000, 0x0000000100000000)
  eden space 269312K, 99% used [0x00000000e0000000,0x00000000f06fff50,0x00000000f0700000)
  from space 120832K, 0% used [0x00000000f8a00000,0x00000000f8a00000,0x0000000100000000)
  to   space 127488K, 0% used [0x00000000f0700000,0x00000000f0700000,0x00000000f8380000)
 ParOldGen       total 1048576K, used 1048532K [0x00000000a0000000, 0x00000000e0000000, 0x00000000e0000000)
  object space 1048576K, 99% used [0x00000000a0000000,0x00000000dfff5238,0x00000000e0000000)
 Metaspace       used 133253K, capacity 140956K, committed 144768K, reserved 1175552K
  class space    used 16470K, capacity 17808K, committed 18816K, reserved 1048576K
}
Event: 11167.890 GC heap before
{Heap before GC invocations=512 (full 384):
 PSYoungGen      total 390144K, used 269312K [0x00000000e0000000, 0x0000000100000000, 0x0000000100000000)
  eden space 269312K, 100% used [0x00000000e0000000,0x00000000f0700000,0x00000000f0700000)
  from space 120832K, 0% used [0x00000000f8a00000,0x00000000f8a00000,0x0000000100000000)
  to   space 127488K, 0% used [0x00000000f0700000,0x00000000f0700000,0x00000000f8380000)
 ParOldGen       total 1048576K, used 1048532K [0x00000000a0000000, 0x00000000e0000000, 0x00000000e0000000)
  object space 1048576K, 99% used [0x00000000a0000000,0x00000000dfff5238,0x00000000e0000000)
 Metaspace       used 133253K, capacity 140956K, committed 144768K, reserved 1175552K
  class space    used 16470K, capacity 17808K, committed 18816K, reserved 1048576K
Event: 11169.241 GC heap after
Heap after GC invocations=512 (full 384):
 PSYoungGen      total 390144K, used 269311K [0x00000000e0000000, 0x0000000100000000, 0x0000000100000000)
  eden space 269312K, 99% used [0x00000000e0000000,0x00000000f06fffd0,0x00000000f0700000)
  from space 120832K, 0% used [0x00000000f8a00000,0x00000000f8a00000,0x0000000100000000)
  to   space 127488K, 0% used [0x00000000f0700000,0x00000000f0700000,0x00000000f8380000)
 ParOldGen       total 1048576K, used 1048532K [0x00000000a0000000, 0x00000000e0000000, 0x00000000e0000000)
  object space 1048576K, 99% used [0x00000000a0000000,0x00000000dfff5238,0x00000000e0000000)
 Metaspace       used 133253K, capacity 140956K, committed 144768K, reserved 1175552K
  class space    used 16470K, capacity 17808K, committed 18816K, reserved 1048576K
}
Event: 11169.241 GC heap before
{Heap before GC invocations=513 (full 385):
 PSYoungGen      total 390144K, used 269312K [0x00000000e0000000, 0x0000000100000000, 0x0000000100000000)
  eden space 269312K, 100% used [0x00000000e0000000,0x00000000f0700000,0x00000000f0700000)
  from space 120832K, 0% used [0x00000000f8a00000,0x00000000f8a00000,0x0000000100000000)
  to   space 127488K, 0% used [0x00000000f0700000,0x00000000f0700000,0x00000000f8380000)
 ParOldGen       total 1048576K, used 1048532K [0x00000000a0000000, 0x00000000e0000000, 0x00000000e0000000)
  object space 1048576K, 99% used [0x00000000a0000000,0x00000000dfff5238,0x00000000e0000000)
 Metaspace       used 133253K, capacity 140956K, committed 144768K, reserved 1175552K
  class space    used 16470K, capacity 17808K, committed 18816K, reserved 1048576K
Event: 11170.581 GC heap after
Heap after GC invocations=513 (full 385):
 PSYoungGen      total 390144K, used 269311K [0x00000000e0000000, 0x0000000100000000, 0x0000000100000000)
  eden space 269312K, 99% used [0x00000000e0000000,0x00000000f06fff80,0x00000000f0700000)
  from space 120832K, 0% used [0x00000000f8a00000,0x00000000f8a00000,0x0000000100000000)
  to   space 127488K, 0% used [0x00000000f0700000,0x00000000f0700000,0x00000000f8380000)
 ParOldGen       total 1048576K, used 1048532K [0x00000000a0000000, 0x00000000e0000000, 0x00000000e0000000)
  object space 1048576K, 99% used [0x00000000a0000000,0x00000000dfff5218,0x00000000e0000000)
 Metaspace       used 133253K, capacity 140956K, committed 144768K, reserved 1175552K
  class space    used 16470K, capacity 17808K, committed 18816K, reserved 1048576K
}
Event: 11170.581 GC heap before
{Heap before GC invocations=514 (full 386):
 PSYoungGen      total 390144K, used 269311K [0x00000000e0000000, 0x0000000100000000, 0x0000000100000000)
  eden space 269312K, 99% used [0x00000000e0000000,0x00000000f06fffd8,0x00000000f0700000)
  from space 120832K, 0% used [0x00000000f8a00000,0x00000000f8a00000,0x0000000100000000)
  to   space 127488K, 0% used [0x00000000f0700000,0x00000000f0700000,0x00000000f8380000)
 ParOldGen       total 1048576K, used 1048532K [0x00000000a0000000, 0x00000000e0000000, 0x00000000e0000000)
  object space 1048576K, 99% used [0x00000000a0000000,0x00000000dfff5218,0x00000000e0000000)
 Metaspace       used 133253K, capacity 140956K, committed 144768K, reserved 1175552K
  class space    used 16470K, capacity 17808K, committed 18816K, reserved 1048576K
Event: 11171.885 GC heap after
Heap after GC invocations=514 (full 386):
 PSYoungGen      total 390144K, used 269311K [0x00000000e0000000, 0x0000000100000000, 0x0000000100000000)
  eden space 269312K, 99% used [0x00000000e0000000,0x00000000f06fffd8,0x00000000f0700000)
  from space 120832K, 0% used [0x00000000f8a00000,0x00000000f8a00000,0x0000000100000000)
  to   space 127488K, 0% used [0x00000000f0700000,0x00000000f0700000,0x00000000f8380000)
 ParOldGen       total 1048576K, used 1048532K [0x00000000a0000000, 0x00000000e0000000, 0x00000000e0000000)
  object space 1048576K, 99% used [0x00000000a0000000,0x00000000dfff5218,0x00000000e0000000)
 Metaspace       used 133253K, capacity 140956K, committed 144768K, reserved 1175552K
  class space    used 16470K, capacity 17808K, committed 18816K, reserved 1048576K
}
Event: 11171.885 GC heap before
{Heap before GC invocations=515 (full 387):
 PSYoungGen      total 390144K, used 269312K [0x00000000e0000000, 0x0000000100000000, 0x0000000100000000)
  eden space 269312K, 100% used [0x00000000e0000000,0x00000000f0700000,0x00000000f0700000)
  from space 120832K, 0% used [0x00000000f8a00000,0x00000000f8a00000,0x0000000100000000)
  to   space 127488K, 0% used [0x00000000f0700000,0x00000000f0700000,0x00000000f8380000)
 ParOldGen       total 1048576K, used 1048535K [0x00000000a0000000, 0x00000000e0000000, 0x00000000e0000000)
  object space 1048576K, 99% used [0x00000000a0000000,0x00000000dfff5e80,0x00000000e0000000)
 Metaspace       used 133253K, capacity 140956K, committed 144768K, reserved 1175552K
  class space    used 16470K, capacity 17808K, committed 18816K, reserved 1048576K

Deoptimization events (10 events):
Event: 10724.469 Thread 0x0000000019c85800 Uncommon trap: reason=class_check action=maybe_recompile pc=0x0000000005718f94 method=org.codehaus.groovy.runtime.callsite.AbstractCallSite.<init>(Lorg/codehaus/groovy/runtime/callsite/CallSite;)V @ 6
Event: 10729.888 Thread 0x0000000019c85800 Uncommon trap: reason=class_check action=maybe_recompile pc=0x0000000006268638 method=org.codehaus.groovy.util.ReferenceManager$CallBackedManager.removeStallEntries0(Ljava/lang/ref/ReferenceQueue;)V @ 13
Event: 10729.890 Thread 0x0000000019c85800 Uncommon trap: reason=array_check action=maybe_recompile pc=0x0000000009f3d644 method=java.util.ComparableTimSort.mergeLo(IIII)V @ 465
Event: 10729.890 Thread 0x0000000019c85800 Uncommon trap: reason=array_check action=maybe_recompile pc=0x0000000009f3d644 method=java.util.ComparableTimSort.mergeLo(IIII)V @ 465
Event: 10729.895 Thread 0x0000000019c85800 Uncommon trap: reason=array_check action=maybe_recompile pc=0x00000000071a6a04 method=java.util.ComparableTimSort.mergeHi(IIII)V @ 654
Event: 10729.911 Thread 0x0000000019c85800 Uncommon trap: reason=null_check action=make_not_entrant pc=0x00000000039174a8 method=java.lang.invoke.LambdaFormEditor.getInCache(Ljava/lang/invoke/LambdaFormEditor$Transform;)Ljava/lang/invoke/LambdaForm; @ 32
Event: 10729.916 Thread 0x0000000019c85800 Uncommon trap: reason=array_check action=maybe_recompile pc=0x00000000071a674c method=java.util.ComparableTimSort.mergeHi(IIII)V @ 415
Event: 10729.928 Thread 0x0000000019c85800 Uncommon trap: reason=array_check action=maybe_recompile pc=0x00000000071a6a04 method=java.util.ComparableTimSort.mergeHi(IIII)V @ 654
Event: 10729.932 Thread 0x0000000019c85800 Uncommon trap: reason=unstable_if action=reinterpret pc=0x0000000005da5ae8 method=sun.util.locale.provider.LocaleResources.removeEmptyReferences()V @ 9
Event: 10751.854 Thread 0x0000000023142800 Uncommon trap: reason=unstable_if action=reinterpret pc=0x0000000005e38d78 method=java.util.concurrent.locks.AbstractQueuedSynchronizer$ConditionObject.awaitNanos(J)J @ 73

Internal exceptions (10 events):
Event: 10741.582 Thread 0x0000000023144800 Exception <a 'java/net/SocketTimeoutException': Read timed out> (0x00000000edc94820) thrown at [C:\re\workspace\8-2-build-windows-amd64-cygwin\jdk8u131\8869\hotspot\src\share\vm\prims\jni.cpp, line 735]
Event: 10741.622 Thread 0x0000000023144800 Exception <a 'java/net/SocketTimeoutException': Read timed out> (0x00000000edd0caf0) thrown at [C:\re\workspace\8-2-build-windows-amd64-cygwin\jdk8u131\8869\hotspot\src\share\vm\prims\jni.cpp, line 735]
Event: 10748.758 Thread 0x0000000023144800 Exception <a 'java/lang/NoSuchMethodError': <clinit>> (0x00000000ef4f00b0) thrown at [C:\re\workspace\8-2-build-windows-amd64-cygwin\jdk8u131\8869\hotspot\src\share\vm\prims\jni.cpp, line 1613]
Event: 10748.758 Thread 0x0000000023144800 Exception <a 'java/lang/NoSuchMethodError': <clinit>> (0x00000000ef502ca0) thrown at [C:\re\workspace\8-2-build-windows-amd64-cygwin\jdk8u131\8869\hotspot\src\share\vm\prims\jni.cpp, line 1613]
Event: 10748.758 Thread 0x0000000023144800 Exception <a 'java/lang/NoSuchMethodError': <clinit>> (0x00000000ef504490) thrown at [C:\re\workspace\8-2-build-windows-amd64-cygwin\jdk8u131\8869\hotspot\src\share\vm\prims\jni.cpp, line 1613]
Event: 10748.828 Thread 0x0000000023144800 Exception <a 'java/lang/NoSuchMethodError': <clinit>> (0x00000000ef9356b0) thrown at [C:\re\workspace\8-2-build-windows-amd64-cygwin\jdk8u131\8869\hotspot\src\share\vm\prims\jni.cpp, line 1613]
Event: 10748.861 Thread 0x0000000023144800 Exception <a 'java/lang/NoSuchMethodError': <clinit>> (0x00000000efbcc4b8) thrown at [C:\re\workspace\8-2-build-windows-amd64-cygwin\jdk8u131\8869\hotspot\src\share\vm\prims\jni.cpp, line 1613]
Event: 10748.861 Thread 0x0000000023144800 Exception <a 'java/lang/NoSuchMethodError': <clinit>> (0x00000000efbd2b68) thrown at [C:\re\workspace\8-2-build-windows-amd64-cygwin\jdk8u131\8869\hotspot\src\share\vm\prims\jni.cpp, line 1613]
Event: 10748.862 Thread 0x0000000023144800 Exception <a 'java/lang/NoSuchMethodError': <clinit>> (0x00000000efbe8f08) thrown at [C:\re\workspace\8-2-build-windows-amd64-cygwin\jdk8u131\8869\hotspot\src\share\vm\prims\jni.cpp, line 1613]
Event: 10748.862 Thread 0x0000000023144800 Exception <a 'java/lang/NoSuchMethodError': <clinit>> (0x00000000efbf9400) thrown at [C:\re\workspace\8-2-build-windows-amd64-cygwin\jdk8u131\8869\hotspot\src\share\vm\prims\jni.cpp, line 1613]

Events (10 events):
Event: 11166.408 Executing VM operation: ParallelGCFailedAllocation done
Event: 11166.408 Executing VM operation: ParallelGCFailedAllocation
Event: 11167.890 Executing VM operation: ParallelGCFailedAllocation done
Event: 11167.890 Executing VM operation: ParallelGCFailedAllocation
Event: 11169.241 Executing VM operation: ParallelGCFailedAllocation done
Event: 11169.241 Executing VM operation: ParallelGCFailedAllocation
Event: 11170.581 Executing VM operation: ParallelGCFailedAllocation done
Event: 11170.581 Executing VM operation: ParallelGCFailedAllocation
Event: 11171.885 Executing VM operation: ParallelGCFailedAllocation done
Event: 11171.885 Executing VM operation: ParallelGCFailedAllocation


Dynamic libraries:
0x000000013f110000 - 0x000000013f147000 	C:\Program Files\Java\jdk1.8.0_131\bin\java.exe
0x0000000077a60000 - 0x0000000077bff000 	C:\Windows\SYSTEM32\ntdll.dll
0x0000000077700000 - 0x000000007781f000 	C:\Windows\system32\kernel32.dll
0x000007fefda30000 - 0x000007fefda9a000 	C:\Windows\system32\KERNELBASE.dll
0x000007fefdae0000 - 0x000007fefdbbb000 	C:\Windows\system32\ADVAPI32.dll
0x000007fefdbc0000 - 0x000007fefdc5f000 	C:\Windows\system32\msvcrt.dll
0x000007fefdac0000 - 0x000007fefdadf000 	C:\Windows\SYSTEM32\sechost.dll
0x000007fefedc0000 - 0x000007fefeeed000 	C:\Windows\system32\RPCRT4.dll
0x0000000077960000 - 0x0000000077a5a000 	C:\Windows\system32\USER32.dll
0x000007fefe590000 - 0x000007fefe5f7000 	C:\Windows\system32\GDI32.dll
0x000007fefe580000 - 0x000007fefe58e000 	C:\Windows\system32\LPK.dll
0x000007fefde20000 - 0x000007fefdee9000 	C:\Windows\system32\USP10.dll
0x000007fefc230000 - 0x000007fefc424000 	C:\Windows\WinSxS\amd64_microsoft.windows.common-controls_6595b64144ccf1df_6.0.7601.18837_none_fa3b1e3d17594757\COMCTL32.dll
0x000007fefdf60000 - 0x000007fefdfd1000 	C:\Windows\system32\SHLWAPI.dll
0x000007fefdc60000 - 0x000007fefdc8e000 	C:\Windows\system32\IMM32.DLL
0x000007fefe9b0000 - 0x000007fefeab9000 	C:\Windows\system32\MSCTF.dll
0x0000000055d70000 - 0x0000000055e42000 	C:\Program Files\Java\jdk1.8.0_131\jre\bin\msvcr100.dll
0x0000000052de0000 - 0x000000005367c000 	C:\Program Files\Java\jdk1.8.0_131\jre\bin\server\jvm.dll
0x000007feefc80000 - 0x000007feefc89000 	C:\Windows\system32\WSOCK32.dll
0x000007fefeef0000 - 0x000007fefef3d000 	C:\Windows\system32\WS2_32.dll
0x000007fefdf50000 - 0x000007fefdf58000 	C:\Windows\system32\NSI.dll
0x000007fefd8c0000 - 0x000007fefd8fb000 	C:\Windows\system32\WINMM.dll
0x000007fefc730000 - 0x000007fefc73c000 	C:\Windows\system32\VERSION.dll
0x0000000077c00000 - 0x0000000077c07000 	C:\Windows\system32\PSAPI.DLL
0x000000005b6b0000 - 0x000000005b6bf000 	C:\Program Files\Java\jdk1.8.0_131\jre\bin\verify.dll
0x0000000056dc0000 - 0x0000000056de9000 	C:\Program Files\Java\jdk1.8.0_131\jre\bin\java.dll
0x0000000056da0000 - 0x0000000056db6000 	C:\Program Files\Java\jdk1.8.0_131\jre\bin\zip.dll
0x000007fefefc0000 - 0x000007feffd4a000 	C:\Windows\system32\SHELL32.dll
0x000007fefebc0000 - 0x000007fefedbf000 	C:\Windows\system32\ole32.dll
0x000007fefd670000 - 0x000007fefd67f000 	C:\Windows\system32\profapi.dll
0x00000000563d0000 - 0x00000000563ea000 	C:\Program Files\Java\jdk1.8.0_131\jre\bin\net.dll
0x000007fefce00000 - 0x000007fefce55000 	C:\Windows\system32\mswsock.dll
0x000007fefcdf0000 - 0x000007fefcdf7000 	C:\Windows\System32\wship6.dll
0x0000000056d80000 - 0x0000000056d91000 	C:\Program Files\Java\jdk1.8.0_131\jre\bin\nio.dll
0x000007fefafc0000 - 0x000007fefafde000 	C:\Users\Administrator\.gradle\native\25\windows-amd64\native-platform.dll
0x00000000563c0000 - 0x00000000563cd000 	C:\Program Files\Java\jdk1.8.0_131\jre\bin\management.dll
0x000007fefcea0000 - 0x000007fefceb7000 	C:\Windows\system32\CRYPTSP.dll
0x000007fefcb60000 - 0x000007fefcba7000 	C:\Windows\system32\rsaenh.dll
0x000007fefd880000 - 0x000007fefd89e000 	C:\Windows\system32\USERENV.dll
0x000007fefd500000 - 0x000007fefd50f000 	C:\Windows\system32\CRYPTBASE.dll
0x000007fefaff0000 - 0x000007fefb017000 	C:\Windows\system32\IPHLPAPI.DLL
0x000007fefafe0000 - 0x000007fefafeb000 	C:\Windows\system32\WINNSI.DLL
0x000007fefaa70000 - 0x000007fefaa81000 	C:\Windows\system32\dhcpcsvc6.DLL
0x000007fefaa50000 - 0x000007fefaa68000 	C:\Windows\system32\dhcpcsvc.DLL
0x0000000055e60000 - 0x0000000055e84000 	C:\Program Files\Java\jdk1.8.0_131\jre\bin\sunec.dll
0x000007fefc820000 - 0x000007fefc827000 	C:\Windows\System32\wshtcpip.dll
0x000007fefcc80000 - 0x000007fefccdb000 	C:\Windows\system32\DNSAPI.dll
0x000007fef5370000 - 0x000007fef5378000 	C:\Windows\system32\rasadhlp.dll
0x000007fefaaa0000 - 0x000007fefaaf3000 	C:\Windows\System32\fwpuclnt.dll
0x0000000056130000 - 0x000000005613b000 	C:\Program Files\Java\jdk1.8.0_131\jre\bin\sunmscapi.dll
0x000007fefd6d0000 - 0x000007fefd83a000 	C:\Windows\system32\CRYPT32.dll
0x000007fefd660000 - 0x000007fefd66f000 	C:\Windows\system32\MSASN1.dll
0x000007fefd4a0000 - 0x000007fefd4f7000 	C:\Windows\system32\apphelp.dll
0x0000000054b30000 - 0x0000000054cc8000 	C:\Program Files\Java\jdk1.8.0_131\jre\bin\awt.dll
0x000007fefe600000 - 0x000007fefe6d7000 	C:\Windows\system32\OLEAUT32.dll
0x000007fefd8a0000 - 0x000007fefd8b8000 	C:\Windows\system32\DWMAPI.DLL
0x0000000063170000 - 0x000000006319a000 	C:\Program Files\Java\jdk1.8.0_131\jre\bin\dcpr.dll
0x000007fef8da0000 - 0x000007fef8ec5000 	C:\Windows\system32\dbghelp.dll

VM Arguments:
jvm_args: -Xmx1536m -Dfile.encoding=GBK -Duser.country=CN -Duser.language=zh -Duser.variant 
java_command: org.gradle.launcher.daemon.bootstrap.GradleDaemon 4.6
java_class_path (initial): C:\Users\Administrator\.gradle\wrapper\dists\gradle-4.6-all\bcst21l2brirad8k2ben1letg\gradle-4.6\lib\gradle-launcher-4.6.jar
Launcher Type: SUN_STANDARD

Environment Variables:
JAVA_HOME=C:\Program Files\Java\jdk1.8.0_131
CLASSPATH=.;C:\Program Files\Java\jdk1.8.0_131\lib;C:\Program Files\Java\jdk1.8.0_131\lib\dt.jar;C:\Program Files\Java\jdk1.8.0_131\lib\tools.jar
PATH=C:\Program Files (x86)\Common Files\Oracle\Java\javapath;C:\ProgramData\Oracle\Java\javapath;C:\Windows\system32;C:\Windows;C:\Windows\System32\Wbem;C:\Windows\System32\WindowsPowerShell\v1.0\;D:\Program Files\TortoiseSVN\bin;C:\Program Files\Java\jdk1.8.0_131\bin;C:\Program Files\Java\jdk1.8.0_131\jre\bin;D:\Program Files\Git\cmd
USERNAME=Administrator
OS=Windows_NT
PROCESSOR_IDENTIFIER=Intel64 Family 6 Model 94 Stepping 3, GenuineIntel



---------------  S Y S T E M  ---------------

OS: Windows 7 , 64 bit Build 7601 (6.1.7601.24291)

CPU:total 4 (initial active 4) (4 cores per cpu, 1 threads per core) family 6 model 94 stepping 3, cmov, cx8, fxsr, mmx, sse, sse2, sse3, ssse3, sse4.1, sse4.2, popcnt, avx, avx2, aes, clmul, erms, 3dnowpref, lzcnt, tsc, tscinvbit, bmi1, bmi2, adx

Memory: 4k page, physical 8339900k(963196k free), swap 16677896k(7546088k free)

vm_info: Java HotSpot(TM) 64-Bit Server VM (25.131-b11) for windows-amd64 JRE (1.8.0_131-b11), built on Mar 15 2017 01:23:53 by "java_re" with MS VC++ 10.0 (VS2010)

time: Tue Apr 02 11:47:02 2019
elapsed time: 11173 seconds (0d 3h 6m 13s)

